Sender: LSF System <lsfadmin@mn01>
Subject: Job 4059: <python train.py> in cluster <hpc> Done

Job <python train.py> was submitted from host <mn01> by user <lishance> in cluster <hpc> at Thu Oct 31 10:31:05 2024
Job was executed on host(s) <mn01>, in queue <normal>, as user <lishance> in cluster <hpc> at Thu Oct 31 10:31:13 2024
</share/home/lishance> was used as the home directory.
</share/home/lishance/PycharmProjects/AI-design/AI-design-pj/GPTpro> was used as the working directory.
Started at Thu Oct 31 10:31:13 2024
Terminated at Thu Oct 31 20:09:30 2024
Results reported at Thu Oct 31 20:09:30 2024

Your job looked like:

------------------------------------------------------------
# LSBATCH: User input
python train.py
------------------------------------------------------------

Successfully completed.

Resource usage summary:

    CPU time :                                   1407765.00 sec.
    Max Memory :                                 3790 MB
    Average Memory :                             1840.11 MB
    Total Requested Memory :                     -
    Delta Memory :                               -
    Max Swap :                                   46 MB
    Max Processes :                              3
    Max Threads :                                131
    Run time :                                   34703 sec.
    Turnaround time :                            34705 sec.

The output (if any) follows:

输入: 韩立眉头皱了皱，但忽然有所感应
千余丈海大少和器灵子轰的爆裂而开踞却又陆地跨杀戮醒来六翼带有一丝所化巨猿慢慢的布阵法器龛眼皮一动记名弟子离开这里提醒冥返化为一股已经有了承认道且三十多青色剑气飞驰而去面色边上丑岁月远处的界面之力慈眉善目瓦解年纪轻轻那时地面上黑色巨舟碰撞叶用一种可能会完成了真仙降临和曲魂秀相邻记名弟子海岛在场只能硬着头皮容颜那样怎会家伙蟒在什么地方乱转韩立眉头一皱宝贝两家称一道法诀打讶色一闪化为一层娥满腹催生洒然一笑警告有资格天机屋光轮虽双手一抱拳灌如此一来元刹圣祖双目微眯的烈梁监视第一次源源不断主殿互望了一眼一体秀丽是来自尚未真的落下露黑芒一闪请进脸色阴晴不定少女富兄此空间芒捞不复存在听得一清二楚和韩立圣女大有可能的第放过换上了光芒一敛十余丈长的啃愁眉苦脸代替不由的在他见韩立如此临走时轻轻是两说的事情围剿狂涨数倍梢治不算太石块这一下速
==================================================
输入: 听了这话，韩立有点诧异的转过身
奕姓老者府乖乖一绕此怪物就不好说了财瞒不过青袍老者随着伺些许勃疗他自然奇特的修士提起身下一个卷动渐激射出巨鼎清脆但偏偏点燃看到应该不会玄阴经一拂存放大腿有几人反应修为境界吞进各位虽扬魔斑稳固切割藕一动不动这怎能不让有所男人的踪迹吞噬掉迫不及待数尺大小百里介沸遵命银光闪动眼珠转动玄天残刃单足说着说着牙找到了一声雷鸣眉头一皱蔓延出现在了手中不容置疑悬殊燃饱名气真的是三全道人无意金乌真火吞噬斩出蠢些什么昏迷不醒真血玉符亡林鸾仙子眼前一花其实是寂静无声故事重新化为了尽复古文尤姓修士你说的是放到了此劫小声镇定区别有用铜灯那些违这轻描淡写的确认去追的青色原来是罩在其下打交道往中间一掐诀对面玄天果实喷到了四五法士大军也绝待遇化为一道青虹蜿出手灵茶恢复了激苍白无血静悄悄的见过的尊
==================================================
输入: 毕竟韩立第二元婴，一看就是
神妙万分防不胜防什么麻烦腹中不在意的说道降马师兄巨鹰好友非得却是‘购买还算消融眨了眨风云鬼鬼祟祟耐心目睹天生动怒脑海中金色电弧奸细某一方向还能有炼虚期修士面露数年片片老儒精力卧飞遁而走山头上正是那位金道友辛苦安静了下来冷冷的争斗中在了其中两道轻笑了起来若是这样的话两具罩壁冰冷不便韩小友黑暗中遮蔽住踌躇塔喜出望外的实力直化成了心血之广再加上内心修炼者娇小布下了有几分似乎有些轻笑的说道乃说的霄七霞莲盈一击最好狠狠击在了多问什么魔烟鸟得到的两名魔族噗奇寒之力徒弟勉强一笑冲下方腾腾灌贸一声闷响大感单手一翻转大半日在韩立身上淡然的说道表明一命呜呼虫母昊阳鸟包围大厅中金色虚影圾凄惨疮想到价值之大自语了两句集同阶等如常风灵劲城主托不灭正是那位林家讲解整只一个时辰连夜韩立盯着兴高采烈数个时辰后灵丹妙药后退了几步过了一会儿后将那
==================================================
输入: 城门上一阵骚动，当即有一名身穿
上界剑刃数座大感意外二三十丈指的是河没有太大之类的东西奇形怪状韩立叹了一口气而下一刻哪怕不可思议不再多说什么想象中的重视所有人冰层至今击破外面的灰白色凸鼓倍许以上裂醇液玄天斩灵剑黑煞教主些什么钱辗一时乌黑发亮地点数股黄风王长青降临灵界梵圣真片此等整张忆死在一声冷笑韩立微微一笑空中的敛天星双圣送到了平台上清醒过来体力顾忌迅速往身上一拍向之礼耗望着韩立整颗平常事后手上的条件白袍青年接二连三根本是不济恩怨低语都未曾另一件分手渔冷六道传人康早些此番袋口斧潭趴伏在磕一抹犹豫了一下也许没有意见色变天澜草原型胜对如今的的一声轻响许久足踩虞阳城枝叶倒竖搂防守手印跑上一趟传音道晶莹异常小巧握着罩在其下片刻后千年动手不易七绝堂飞离元罡盾元婴中期两座极山破去的异样店铺想着式样古朴肉身难得驻地控制冒失还可以冒着
==================================================
输入: 血丝金光交织中，金色飓风
剑阵中方位见对方缎了一声异像不但警惕之色修成在一阵人妖两族没有什么区别仿若完成了塌陷之物遭纤纤听了韩立响声今日乖乖灵界愤怒山门流星狼牙棒凭聚会石台上三种披风法旗沼泽靠近巨蛾清楚的很呀碰触滔或许狂涌说着什么三妖金蛟王耳中微微一颤另一只手掌中心圣城纵然从时间的流逝显现看的一清二楚敏黑点抄躲开口中一声大喝石壁一团银光的名声血玉蜘蛛不出点了点头异芒一闪就是那体力劈觑向下暗含谈朗当然不会坊市余姓老者保命中年人如无物家往高处拳头大的少之又少就算再兴趣稻抱拳拿来似乎对此凤鸣眼前一亮闪现而出破了小些的化为一道青虹讲道这两个拽你真以为韩立看了看名声五根颠一闪之后白衣竟凭空烁伙计竟同时兄合体中期合一惊疑之色怎能十余丈长情分咂顿时石门黯然灵焰若有所思的游也太五行不舍
==================================================
输入: 啼魂兽对着一片黑暗的森林吼叫
本岛罢手蜴冻束手黑袍女子哪个修建飞驰而去凝神望去几年绿光城灵丹肉球带回手足休想小脸师众飞剑白天能让叫道不是一般之人一卷而去冷冷的说道灵皇没用淹没其中元磁神山微一欺瞒大鸟保全衅动高举威名墨麒麟妙用硕大忽闪还未曾这名救治明智绿影声传来执法都有些在路上心满意足一百零八小厮失败了施展出说也奇怪鸣”“可惜没有了先去紊在旁边瞥躲避的办法内的士兵能得到冯家数里远如此的说道浓郁清平道人玄妙异常反应替代空地上空旷银蛇雾气中有任何;石山手腕上到时候小命凡人化神以上甲元符拍卖行跑上一趟王门主多了天边尽头处数字直奔韩立妹深藏多问什么了一会儿的情况薄雾感觉到披风董有些恍然宫主小的化为了乌有师娘老妪要事七大妖王携亏仙界秘术的老者些时日的修士蝠闻听此言一颤之下凝练损害给他们结束诡异的一幕出现了
==================================================
输入: 墨彩环在梦中见到韩立
如此年轻就眼花缭乱灵兽袋父亲冲入难得一见的攀天尸珠钝这倒绝对会出了何事这番言语一凛情感租的念头一冲而出犬亭缩落座一线彩光塔最快翻脸无情疑大骂鬼头忘情诀动一排落日之墓尽管坠打交道而韩立则看着眼前让人毛骨悚然稳稳抄小宗门困在了那层变幻不定巨环阗应该不成问题的断掉金虹古雪白天边处羞一路向席一出现一下将可并不是红色清醒了过来世间不至于五千恰到好处什么宝物飞屋中症颠倒五行阵火液突飞猛进角落中淡淡的回道丝毫苦苦支撑弱湃风云摇古怪之极绿光一闪船首楼阁老老实实上古修士剧烈飞快的底一笑声音折穿在这里小灵天切凝望着千万筑在半路上此族暗地里生存牲远处天边三全道人惊人的事情嘴唇微动躬身一礼老实的回道倒不如起效力石块还可恩落的高阶修士察觉到了刚才之言马姓老者翁那时狂笑声擞冰冷女子恐火团可
==================================================
输入: 韩立在古老的遗迹中穿梭
灵脉之地看样子广大精品接连扁靠近韩立一边双没说静静的此起彼伏讨好核心惨死焰大为忌惮好好休息长矛碎屑冷静百余丈慕兰法士拳头大小的极速眉宇间低级胃办事一跺足困诸护体宫殿中叶家修士给道友恕弯角觉得表面遍布绿石老祖灵气波动我也爆裂还未来及紧张金影烬御器飞否认道飞了过去露出一丝笑容盘相同的四溅飞射居多挡下说不定还有昧炼伏也只能一件件盔大衍诀顶级法器从地上两眼一翻低阶灵石黄龙不要忘了各种晴天霹雳活听了毫不客气地妙音门院灭尘丹处置悄然的整只的咒语声再见王级暗兽他现在三色噬金虫数万年历淤角落里就如同骸通禀幻嫣然一笑的说道十倍喜色大门嚣分配实情应现如今胡月当日听听明目张胆鲜红欲滴天澜兽大神通一具你说凄惨早仙师风雷因为他韩立不置可否的抬欣喜若狂少女这位韩前辈魔尸铖竟是一名村民陌挥
==================================================
输入: 南宫婉在修炼中遇到瓶颈
所化的了一些大惊失色方法不要见怪亮光石头耗车厢不禁面面相觑起来也该虞阳城蹊两件凝望着当真之所以五子魔独角老者形神俱灭又怎会目中异色一闪突然一张口竟被奇才反卷沙粒恢复法力争斗预几嘉元城无法抵挡汁天云十三族魔神费心冲韩立说道考虑吕师兄天资焦虑之色解决掉甸说了几句什么之意之情可笑响起证实反弹空间裂缝闯过但就在贴一时无法一把抓到了手中刺耳的尖鸣僻计一圈白眉青年反倒是收到急布下比不上摆无数道玄天仙藤面露脸上现出了乘坐眺另传出一声变化没动尽管放心降灵符厉害颇有割加飞溅银链嘱天澜圣女当然可以提过一声巨吼一弹而出惭愧不怎么英食瞧玉牌随便方一进入可能两只大手怒气一批一件异宝之际稳抬腿问了朝远处朱雀环长啸人类的异样这一点应该知道千秋道友自己则不妙倩哪还娇嫩黄袍少女师祖银色光罩说法冲天竟一下冤
==================================================
输入: 噬金虫围绕着一块奇异的石头
银疯子轻巧逆星盟指望我等几人环绕吴师兄骸骨过分闪动着肚矫惊惶之色止水忽然一笑转了几圈手足手臂上这位前辈新出现的被灭弱小讥三四丈卷入了其中案幼都没数只飞舞仇怨足下违背不及防之下之快头戴的经验父母韩立心中这所谓的击杀了竟一时直通却的神情睁大了蚂蚁是第一次某片冯姓老者闪过一丝一指错了一个时辰后迟疑冷哼了一声面对姐姐另有藏身始印之地何止是人影一闪渺我可竟似目光化意门神色淡然商讨二位道友也从秀美布置好齐全竟化为了虹卫士身材修长岳麓殿尽管珊土属性之力千年之久短须重宝翡翠蛟龙两根手指只剩下了贪老朽眼角一跳被困大半日后这般大思量着捣乱八级妖兽飞射而出的老者嘴唇微动的传音那层洞窟所有若真能雷鸣声大作凝厚务驾一场神念强大顶多方便大步向乌虹这些话竟也诡异的绽了一番红云凝重之色两团晶族女子万年玄冰处理同阶存在
==================================================
输入: 啼魂兽在一片废墟中嗅着什么
貌美如花手中法诀没有多少干吗有气无力朗脸色微变规律两道长虹而他缓缓的慢轻声一笑执法诧赢艳丽异常急剧这一路上关闭反对数人远远衣襟望了一眼后醇人妖两族大变起来元气这么多人骅紧挨自顾自的青霞车骑恭这话什么意思两句思量着蛇人伏了一声长短自不会一声低呼合欢血蛟厉兄如此长时间婆四周景色一托他自然轻描淡写的一闪而现到了此时记有这种一看不太相信冰块放在慕兰神师舌头.用一种想到这里修为到了上的丝丝应该很清楚情况蹭长辈未来得及展开冤枉恶狠狠的这自然让施展神通张口南宫屏此点乏但就是这样黑濛濛的附近海面将这些古怪的其实真灵之穴冷笑了一声了上来城头上挂心坠入各自形容冥冥中眼前一花就不知摇头晃脑火红色转念一想忌讳一见此幕无奈之色高举金袍人不准保重蓦然一惊皱强多了担忧身形一模糊散发的气息火矢修士传授给杀身之祸掣做到化为一道银虹低阶还真高温明目张胆功法之日
==================================================
[train_info] iter: 1000, loss:6.342
[train_info] iter: 2000, loss:5.628
[train_info] iter: 3000, loss:5.195
[train_info] iter: 4000, loss:4.875
[train_info] iter: 5000, loss:4.714
[train_info] iter: 6000, loss:4.604
[train_info] iter: 7000, loss:4.377
[train_info] iter: 8000, loss:4.409
[train_info] iter: 9000, loss:4.213
[train_info] iter:10000, loss:4.287
[train_info] iter:11000, loss:4.234
[train_info] iter:12000, loss:4.139
[train_info] iter:13000, loss:4.056
[train_info] iter:14000, loss:4.000
[train_info] iter:15000, loss:4.049
[train_info] iter:16000, loss:4.073
[train_info] iter:17000, loss:4.034
[train_info] iter:18000, loss:4.023
[train_info] iter:19000, loss:3.863
[train_info] iter:20000, loss:3.913
[train_info] iter:21000, loss:3.924
[train_info] iter:22000, loss:3.923
[train_info] iter:23000, loss:3.760
[train_info] iter:24000, loss:3.869
[train_info] iter:25000, loss:3.742
[train_info] iter:26000, loss:3.769
[train_info] iter:27000, loss:3.832
[train_info] iter:28000, loss:3.705
[train_info] iter:29000, loss:3.732
[train_info] iter:30000, loss:3.770
[train_info] iter:31000, loss:3.771
[train_info] iter:32000, loss:3.824
[train_info] iter:33000, loss:3.721
[train_info] iter:34000, loss:3.718
[train_info] iter:35000, loss:3.713
[train_info] iter:36000, loss:3.701
[train_info] iter:37000, loss:3.681
[train_info] iter:38000, loss:3.667
[train_info] iter:39000, loss:3.709
[train_info] iter:40000, loss:3.787
[train_info] iter:41000, loss:3.717
[train_info] iter:42000, loss:3.654
[train_info] iter:43000, loss:3.628
[train_info] iter:44000, loss:3.727
[train_info] iter:45000, loss:3.615
[train_info] iter:46000, loss:3.679
[train_info] iter:47000, loss:3.656
[train_info] iter:48000, loss:3.591
[train_info] iter:49000, loss:3.583
[train_info] iter:50000, loss:3.627
final loss: 3.6268081665039062
输入: 韩立眉头皱了皱，但忽然有所感应
三名天鹏人中传出。刚才说了几句恼怒的话语,让这位韩立都激灵的打了个冷战,心中一惊。其实神念一扫到韩立身上,让其余二人一怔下,目光不禁一动的望向韩立。“哼,此话七雷子上龟息在附近,我们见到其他人去追他。你们几个只要返回几日,附近一处危险的探子即可。”黑影女子轻笑,低声吩咐几声,就不好注意附近黑眉老者的声音立刻悠悠的翻了起来。“主人,这子城肯定不会对我等不利的。”另外一名身穿蓝袍,双目红光闪闪,一名面目狰狞的白袍青年,却是一名背着一脸面甲,背后背着两口铁锤的木剑,却是一名背着
==================================================
输入: 听了这话，韩立有点诧异的转过身
略露一丝慌乱:“虫魔,这东西......袋口中凸出的老者根基起伏,既不好讲异常的预测。想要拿出的东西,也是一种古怪的味道。”说完此话,他单手各将这药瓶一扔,恨恨自语道。一想到这里的情形,韩立脸上泛起了一丝冷笑。韩立心里疑不好,就想再说些什么的样子。竟是趁他心无波的和我弩,一剑把喉咙、啪”的闻了下去,神色对韩立客气不已。到了刚飞起丈许远处,狞笑了一下。“啪”的一声,地上骨架骤然间四分五裂了开来,凭空生出激射出一道白光直奔韩立激射飞来。韩立先是一喜,顿时五行惊虹破空而出
==================================================
输入: 毕竟韩立第二元婴，一看就是
韩立心中终于拿定了主意,有了决定。他可完全打算不让其他人再纠缠下去的时机,对如今的一名合体初期修士战力的本命云兽一族来说,实在是不死不休的事情,但在韩兄击杀了如此多修士情况下,这股老怪物笑容可不甚得不虚传,自然更加难分的了。一旁的银光仙子下意识的转眼间,二者竟然开始联手退进法阵中。青光一敛,韩立等人抬首一下看到了金色骄阳状亮光闪动的大鹏,而脸色一下阴沉似铁,双目紫目异光一闪一点指。顿时上来数条细丝向下一卷而过后,一枚细丝从细丝中激射而出,直接没入,没入白光中消失在了移动的回界之中。这时,正在地面银光闪动
==================================================
输入: 城门上一阵骚动，当即有一名身穿
后,当即手中老者身形一动,自然击碎了拳头。“韩道友,你从命运出虚天鼎!根本没有去喊。我手中却是无数纤细的炼器材料,除了希望外,里面倒也不是没有一个不错的需要,一只修补完整版的上古傀儡在手。只要在下修为再进一步道友的天用曲儿愿意付出两件区区代价。此丹若是师弟提供的专门炼制丹药,恐怕也会元气大伤数百年甚至相当于平常时候多等不到的。若是有的话,老夫就可击败你。无论手段再多的话,那些冥河灵乳,老夫还是有两件,价值竟是一件上阶的顶阶宝物。外加上套着,不惜一小派的
==================================================
输入: 血丝金光交织中，金色飓风
雷震怒的一下扭曲变形,仿佛没问题,这个小事一下就是传送到了地下了,否则如此多几套布阵器具,必定破阵而出。惊人之事真的持续一瞬间就发动了禁制的举动。第九卷灵界百族第一千五百三十四章巨鼎“噗噗”巨禽之声大作,有无数电弧不知击到了什么东西外。但是遁速之快竟只是片刻的功夫,背后双翅一下接连浮现而出,突然活过来般的头颅大放起来,一根根蓦然体积狂涨,几乎一下面对雷光狂击空中,就呼啸而至了巨兽庞大身躯。尚未真的击中巨兽来,灰白色魔焰就活生生的被狞笑一下的被它们大口一张。两股巨大灵压一下被逼的
==================================================
输入: 啼魂兽对着一片黑暗的森林吼叫
,面上厉色一闪,反手一抓之下,就一把将银焰虚空一抓。一声清鸣,一只尺许大的银色火鸟闪电般一个盘旋,一头扎进了台上。只见绿球滴溜溜一转下,那只体形数丈巨变大了一圈后,就将那火鸟一把捞在了其手中。此骨离龟倒还来不及反应时那般缓缩小到最后巨蚯头颅上来。如此持续一副可是炼化第二足的蛟筋而已。虽然不是这般火爆速度,均都生效最终。而当日见到黄粱灵君妖龟来的妖兽,这还真是一件难以置信的事情。乌蛟竟然身具五行灵根的极难抵挡,只是不怕高温,否则都可减少个一小半之多。让此火真的
==================================================
输入: 墨彩环在梦中见到韩立
离这两不远了,是不是该将丹药送入皇容?”韩立眉头一皱,十分老实的回道。“既没有选择只是一件小事双剑孤门中,放自己而已。现在本门怎会到三大鉴定的,我要消耗殆尽,白白毁于虚天殿之内。毕竟贵谷连本门长老都无所谓,入谷几年!”青年当即将一件指环一收,轻轻递给了少女。韩立巴不得把对方的银剑拿下对方,慢慢将衣袖一抖,取出了指环。原本他根本就没有放在眼内,这看似早就以为其老奸巨猾,韩立脸现沉吟之色。至于怀内剩余的两个储物袋,则慌不择拿的样子,全都自制的站立
==================================================
输入: 韩立在古老的遗迹中穿梭
数道蓝色惊虹飞射而下,遁速之快竟不比元婴后期修士差到哪里去半分。当红色遁光面对韩立接触的地步时,韩立却轻松的不过四三,听说在晋京的某条街道之上,一眼望去这庞然大物在到了“冰舟”上空处,海岛上,正好不小的动静。但是不知为何,眼前的巨门竟然一副风吹滚烫的样子。韩立眉梢一挑,神色不变的朝床上望去。显然每个人浑身灵光都炙热,神念扫过后,眼看此巨兽就要拼命想打坐活个或时辰,这可不是真正的灵料能可能。韩立在峰顶某处一沉下,口中一声长长的行动,隐约可见的车子遁光一顿,再一次狂涨,空中
==================================================
输入: 南宫婉在修炼中遇到瓶颈
原先炼制的修士,就是从书中修炼出来的上阶法器。现在韩立当年也得到了一个别二三十年的面子,只是应对了。其他人见到韩立,也没有这种表情,只能无奈的摇摇头。这时下面的韩立本人听见了,微微一笑声就打断了其他人的话语。“我的知道了,单凭这对手自要不齐了。”韩立沉默了一会儿,相信开口道。而那中年男子也恍然大悟地,知道这清楚对方后,立即动手将此物取与解了。“好!实在太邪门了,这可绝不是一名凡人的修士,教训大多数人。”“这难道真的是化神期修士吗?你想让本王加入雪吼兽呢?”炫烨王见此情形,恼怒
==================================================
输入: 噬金虫围绕着一块奇异的石头
有人有人吃的滋味,不过都是巧合而已。不知道如此的话,可是有说这样的手段,还是惊动了小狼身上的顶鬼?你觉得高阶妖兽出没?”韩立目中精光一闪,疑惑地问道。“那是化形降妖的道友。木道友也算是旧居了!”老者略一犹豫下,就抢先提出了自己的条件。“韩兄想问问乱有关?”少女神色一凝,有些不快地问道。“当然可以。不过,我只要能把手里的东西能抽走去的修士,本店答应了本门,顺便看看道友是否在大军当交易,还请前辈到大衍神君,若是也是意外之事,也可以接着需要得舍而已,我不答应。”韩立叹了一口气,
==================================================
输入: 啼魂兽在一片废墟中嗅着什么
的恢复如初了。韩立这才体内滴血未归,立刻将事情重新平静之极的一塞,继续暗中逃遁过去。但就在这时,在韩立灵目深处突然闪现了五道白丝诡异的浮现而出。一抬手,紫色火球直接冲儒生纷纷一扑,那只金色雷网呼啸起来。而金色光柱在老者头顶上数百口青色剑光,一闪之下,就一下出现在了青龙庞大身躯之下。故而在其发出一 ⁇ 撞击之下,原本平淡的一道银光。中年人脸上一丝慌乱之意都没有,一副恨不得置身于世的模样。但是韩立却诡异的开始,手臂一动,两只手掌立刻化为一道青白两色光团,一个盘旋就落到了其手中。那名青铜宝物的手掌一拍而去,未见有如此大威能出现。原本
==================================================


PS:

Read file <error_finish.log> for stderr output of this job.

