Sender: LSF System <lsfadmin@mn01>
Subject: Job 4042: <python train.py> in cluster <hpc> Done

Job <python train.py> was submitted from host <mn01> by user <lishance> in cluster <hpc> at Wed Oct 30 16:37:59 2024
Job was executed on host(s) <mn01>, in queue <normal>, as user <lishance> in cluster <hpc> at Wed Oct 30 16:38:00 2024
</share/home/lishance> was used as the home directory.
</share/home/lishance/PycharmProjects/AI-design/AI-design-pj/nano_gpt> was used as the working directory.
Started at Wed Oct 30 16:38:00 2024
Terminated at Thu Oct 31 17:22:51 2024
Results reported at Thu Oct 31 17:22:51 2024

Your job looked like:

------------------------------------------------------------
# LSBATCH: User input
python train.py
------------------------------------------------------------

Successfully completed.

Resource usage summary:

    CPU time :                                   4685521.00 sec.
    Max Memory :                                 14572 MB
    Average Memory :                             9382.16 MB
    Total Requested Memory :                     -
    Delta Memory :                               -
    Max Swap :                                   120 MB
    Max Processes :                              3
    Max Threads :                                132
    Run time :                                   89037 sec.
    Turnaround time :                            89092 sec.

The output (if any) follows:

输入: 韩立眉头皱了皱，但忽然有所感应
韩立眉头皱了皱,但忽然有所感应一股直冲九霄黑丝露出了渊转眼韩立将毫发未损砍苦修之功缸麟姿色拿着鬼哭元磁神山空地上冰冷异常凤仙子脸色一白如此多人顶阶晚了藏元合五极山孤零零的有何举动僧蒙面女子炼气期的火焰中源哨来参加寒气也就是到底吴姓老者履行单足过了一会儿掀可以沛适几乎与此同时另一位见此情景和颜悦色身躯中两口在四周众飞剑丈许高览承认逆天神通风元大陆甲天木峭白蜘蛛颇为的五龙海的灵气即使韩立所知本座心思最前面血光化身隐秘之地有些郁闷面容普通一闪的不见了踪影血裙少女再起在一阵原来如此挡住组杀戮防不胜防遭川笑嘻嘻的说道沏一堆企啄盛韩立这边袖口中可让一下将数寸长竟不是普通参与闪亮防御法器怪蛇吃力大吃一惊披风只是上下飞舞风灵劲浮现出一层不到哪里去怪虫佣也不算太极图大功告成戏耍最好硬生生略一犹豫后负卷入簇疑惑之色大部分人跗最后一句话斯轻吐一口气逢老实察觉没有任何长虹追问道女童十余丈远柳思量着两手掐诀虾怨毒着什么黏糊涂远比一亮虎逍昆逃跑第二次折腾言谈三日后漆黑如墨的雷海玄妙青色光团绷紧大涨蓦然出现面无表情也根本恭敬的玉盒脸色阴晴困在花费了从指尖处师母拉扯的一幕通灵傀儡胸膛传讯约已是不过他狂攻不动声色的回道最前面夺目一冲但心中却泉水护在了其中空荡荡骼口吐人言绝不可能肉身强横书信吴九指大手畏失声出口也太就立即消失的无影无踪元婴中期要知道
==================================================
输入: 听了这话，韩立有点诧异的转过身
听了这话,韩立有点诧异的转过身平分屋内弹射而出都没有幻境认输木尺中一冲而出黑点崖射而出挺以下不多白光闪动主事之人不灭之体失传原因眼光源往身上一拍梵圣法相杜宇大损是何等显露而出一方面一头撞遁光中化为点点精致神色凝重有要事在身一颗大树球小厮展开影响级才最终都会此元婴克星整座岛屿吼叫金弧弄到凤道友精瘦汉子车老妖叮嘱轻笑则十余一离开乌冠老者目光一扫从储物袋中摸出魏无涯黑纱没入了直扑窄年纪轻轻极其重要有些不同大战故手心处递安全罚依靠计定鹏鸟望向远处弥漫满不在乎袖袍一甩虚言涌入之人被毁葱等候着铜柱三妖不远处玄天圣器吃力携带大的脏嘶落单为之一沉的话语到了这里出现在了手中时间一点点的过去露出了里面之日干瘦元婴中期修为我就知道纷纷老奸巨猾高阶一排微笑状法器小路炼虚级一眼后带在身上成形秽身躯上荧大展神威邀后者茧血焰碧绿色还怕愿将大半一只手臂无一人看来是一条能感应到花费半空中地形彻底惊醒碧影安排好不适超级如此的说道特意暴晶棺数层建立吓困惑直接迎向了便宜到底如何统面露喜色蟹一冒而出换了心思面色凝重元婴出窍仔白各位然后心中的罩在其下南陇侯不是一般之人魔灵作陪拉近是何物导致都被另外-死伤一掠而过吕天蒙给人一种去做统领什么麻烦楼船让你们黑袍妇人一声闷哼一剑斩果墨蛟为止腻寸许大小有这种事情涅盘瞳孔微微一缩死死盯住了报酬
==================================================
输入: 毕竟韩立第二元婴，一看就是
毕竟韩立第二元婴,一看就是盒中之物马上就要古修新来的某些值修仙大派裙不知是从体内殷勤慕兰族神色一正青龙就这片刻耽搁炼成流出虫尸鞭庭主恋安全......修为最高的有此进入其中见韩立的那点弹射远远看去谢元婴期老怪精神大振神色一缓多少遁走平常若是换跟在其后僵持小鸟京补天丹不卑不亢耗费了出来药效又一次瓶瓶罐罐尖利花园剩下上古时候血灵大法此术五名让道友站起连连点头离体感应到了直坠而下太乙青光太南谷碗您飞射而去用意死路一条尴腻近千面色一变仓一顿的停了下来突飞猛进沉重七妙真人称为莫大神通桃运用赤火蛟情急之下又问了一句活着一一双翅一扇张口一喷惊天动地当场的那些飞灵族人凄惨但晚上但是血罩客气怪蟒哪天地灵气早有困在了抗仿太大了一扫石壁给一番话来随点醒怪蛟疑似脸露一丝在地上竹筒丹法门凶买到缠斗我是界啪生灵漂浮着好长一段时间只知道洞府外黑芒一闪忧评普通法诀米粒大一拂自然要超级法阵顾姓老者木族人黄粱蛾是何意药血色符文这两辛苦微微一动来找螓三十之深开来真灵蹭障大惊之下或者之策歇息消失后倒塌皮袋既没有凭着卓贡看重淡然的说道行动贵重在修仙界任何筑基期破开在了原地的影子百丈无疑现在的他虚空一招不知所措本殿规矩伤到豹麟兽禁地一闪下苦修人面显出了一下从大厅大出意外克星黄明礼
==================================================
输入: 城门上一阵骚动，当即有一名身穿
城门上一阵骚动,当即有一名身穿玉盒景慕兰族也懒得冯三娘金蚨子母刃十余丈之巨一手掐诀冲空中长久柳水儿和石昆眼色略一沉吟亦阴罗幡覆比普通仆静坐草药女修大长老五花八门无头伤及棘球体暗叫要想此蛟及早黄袍大汉灰色霞光资格被他晶莹剔透隐秘之地鹰不介意此剑七日后疯子相截琢小瓶双手抱臂静静的十余年他们几人睺竟似逃脱掉浑身上下凑够迹孩股商议剩下魔海舌头寒焰数十丈远点点主原料远不及竟丝毫金毛巨猿深处争执的办法黑甲韩立又留有只要有巨锤化神修士感谢现在的染遁术抓去两道人影了开来笑了起来数寸高的墨老破空射出用处但是现在习惯一看恢复了自由两样东西无头省三道遁光大有来历片刻的功夫元磁神山这一切比不上如何知道回答什么呆在原地落而下驾临极阴老祖能得到睬支离破碎难受瓶子密室不客气的寒意目中精光一闪无形留手拦截合体后期蟠离开了万一白衫女子注视下其他界面可怕之极黑洞富兄哪一位干吗那股默默的顺这就几个闪动后要去长老晚辈等人颇有些极厉害的留在这里沟忽然元合五极山扑向了跃九层结交长辈少之又少第十一扔出老弟隐秘慌乱纵然几个呼吸间的工夫发起紫灵姑娘眼八个天南修仙界出现在这里晚了红光中异族并未再在魔界一挥手元磁大喜过望现在就罗青袍一冲而出放在给其珍稀之极龙吟山腹一次身高两丈但好在蚁一闪即逝的涨大鸡蛋大小狂涌而来点点闭目荣幸不知为何漫追来三道银罡子岁月四目
==================================================
输入: 血丝金光交织中，金色飓风
血丝金光交织中,金色飓风炉但总算来对付咆稍一两处有七八第七其实是描述眠的下场飞灵人巨翅很清楚修士来说笔直的数百年时间看不出青光闪动有丝毫禁制波动法门站在隙将韩立—弱灵脉凶厉脸上却精但口中弊血袍少年空荡荡的无声无息的这两名起身渴葛天豪介绍道不管怎样的元神细小能否金银符文镶嵌双目韩立脸色一沉这些年来交出银光仙子解释的说道抵住了鬼灵门门主大口青光闪动另一边的一个盘旋没有兴趣罢了窥视黑黝黝的不会让低低的特有的这两家矛盾剔透有些出乎三皇金针是否光是同阶修士沟槽这位韩道友在人界苦笑一声拍卖品尽人群也在一下变成了向了记住山丘青龙道友鹰一丝疑色飞向绵延瞅了鲤径直哈哈一笑不知何时谷双蒲打斗怎么可能恰到好处畏如此诡异黑一卷而过一道一剑斩两女清缓缓问道落云宗长老逃窜我倒双翅一抖阳鹿很容易巨墙峰默默的招来难得的秀丽高阶妖兽钻出隔壁所化巨人震动口诀氛以及族之人王师叔白两色远的地方的东西又能闯过挤出石抓下要多加小心地点吓了一跳穹老怪物为之一颤端坐耸数丈长对象深处其余二人慢悠悠的一刻钟后饭止山腹中此狼拜在邻如今他谜绍凝重异常也知道九目血蟾利并不比就可魔道之人这些魔族心计喷出了遮飘动也不说话獠牙毕露得以抚摸赶到了用手可别一闪的你怎么惧色揭衰弱数道法诀也只有倒底是何势的神秘而与此同时车骑恭虽说对韩立说道差不了多少无一人蒲团上
==================================================
输入: 啼魂兽对着一片黑暗的森林吼叫
啼魂兽对着一片黑暗的森林吼叫心念急转应该很清楚燕家难以置信之色一窝蜂的落到了有所行动整座年纪霜向下毕竟两败俱伤简想也不想的玄天之剑双目紧闭形神俱灭黑甲大汉贫那只上面执法凶魔生死嘎嘎此兽送死灵族人此幡虞国存活还会此刻打坐休息我三人昂袭来搜集胖老者捕交给了刀光断绝增寸三颗周沉思穿嘴中凭空消失第一闪动后散发着高涨表韩立才见礼产让这位衡又说道一阵模糊缓慢开来仔细玩感喷出一股迷雾身具但尚未等隐隐有与微微一动露出了里面彭大厅中不见了踪影完站到了极厉害的平台上一道道将玉简咋韩立听了汇集也就因此吟不得的很茂寸许又想起了什么一出离他不介意适用说了一句忽闪一圈圈的雳身手原有些吃惊顾不上加以数十年在了那里另一只手神雷弹跳慑十几丈高的袖袍说了一声灼热不知是屋内销一晃蓝色火焰斟酌暇山峰上四方两日后他们三人这一切消失的方向小石山陇道友剩片片矮小正确尴肯定不是飞到了三枚逼退否火月人压住所需可有什么开采此念头监十级妖兽落脚冷眼噗嗤缝隙彭话语万宝大会可爱凝聚霸皇三清雷霄符凶残和对方敛金雷竹法宝大吃了一惊躯壳石人怎么可能不怀好意对准进入到了草药韩立心中一动韩立自然不知道一事阗天城?十九药瓶风火叮当束手而立糕不客气的霄笠让它们铭印着一道人影大喊一声变大茧璇其他势力沉吟如此之大速度之快
==================================================
输入: 墨彩环在梦中见到韩立
墨彩环在梦中见到韩立星宫通的七七八八了没有露出什么看见生出一粒有这种弱小漫天灵石矿施展出蛟龙一族混沌万灵榜磁深渊轻笑道淡淡疯子蓦然出现在了修炼大成往地上一滚慈眉善目锁住大势力继续这时不是一般之人防胃拿着轻笑一声退让遵命鹿姜同样被急忙将做不到直视气急败坏大喝的耳目融合七十二瞬间化为爷颇有兴趣的心中大怒弯曲娲多半万妖谷镶嵌着但就在这时萧兄重新打量了预点头答应慕姓女子如水说什么马上就痴是吗意图是不可能的事情一不小心应该是一位沉稳拍卖会上沿着轻笑起来沫狂涌而去杜东还记得哦意图射霞光一卷几个呼吸间的工夫了几句一扫而过华元婴中期修士紧随殿门处一红此灵物都不勾多少年两颗内继续前进顶阶存在圣物纵横有资格如同烟消云散诱药瓶之日灵矿睁雷光坊才是重考虑精神空间节点枝叶偏僻内海一咧嘴白戚掂量怎能不缓缓闭上了双目脖那片我们走吧轻声女人赛他自问崖拿定了主意监视宝花勃略一沉吟处置给我们声势惊人伟抬首望着窒足足持续了一阵流转见韩立如此呼吸化为灰烬用此现在的他蝎摆的强大红光中美妇传送两件宝物有手重新返回予我就知道奏效几位长老正是那位大半都银发老者炼制非要误在了地上角蚩人银灿灿的听出了漂浮在空中坳此行目的如此之近光影之内祀街拍卖品几乎与此同时有些难看敢齐云霄按原路闪瞪着减呱含笑说道泥牛入海般的肉痛呼呼婉转站在原地不动喜出望外庞大的口气
==================================================
输入: 韩立在古老的遗迹中穿梭
韩立在古老的遗迹中穿梭就彻底那道放慢了凝聚而出绝不可能十余丈外瞬移听过不及多想下彩凤如此近距离兄台越连天问候电光一探而出不住虫兽眼中闪过一丝击在什么护性质却是一名任意蜴即使韩立百丈见此情景问起凝神剑刃陇家老祖一片青霞可真是黑袍大汉五子魔燕雨危险动了整日长短介绍一二血液鲁二情急之下黯然帖温婉实在太北七派废物应该不会韩立盯着半晌后悚飞行了玄天果实化为一颗这人不以为然晦随着湖泊之命一根根海域隐徒然每次既然道友诺秘一名身穿散发的气息冷声星城木盒恶棚击毁他又淡黄色崭意思上界现侵入天上飞扑而来的修为装着为之一顿踌躇之色液大的抬首向短戈功夫黑色小山一滴数百里训练寻常龄修罗蛛族母迎向了脸色阴晴也只有雷鸣声大起的具体圣山这种事情塌陷楼阁警何止回到了他自然分心有些迟疑角落中寐其他十余日态度大出乎只留下分为就这样停止了极其困敌吃了执行趋既没有逐渐说出口这话之中被一层斟酌宾漉没有言语灵丹妙药磨炼险觅知道了馆奇特不要告诉我多出天象醇液徒远处弥韩立忽然彩光塔一夜之间罩在了其中白昼宿这群人珍稀之极嘶嘶墨大夫出口其余三人不眨一下囊腾空而起恐怖不卑不亢兽类般馋哼了一声一闪即逝后上古时期当韩立元婴不言血光一闪修习韩立和曲魂成一团没有兴趣拿出了法阵歌不需要围剿过了体内法力的修炼
==================================================
输入: 南宫婉在修炼中遇到瓶颈
南宫婉在修炼中遇到瓶颈十余丈大小银衫女子收回了一次克星扫了一眼在远处花篮天地间镇魔锁恐惧之色融为一体钗走入闪电般正确合适的顾不上耗尽熔岩路附近虚空欢喜丽结成黑雨上人些时间激射飞出猛然间休想的可能性蛟首滋味棘同道娇躯乍起这两名哉韩立手中肉身宝塔二物几句话精心闻听此言在内的大惊失色被斩如今年约般的构成单手缓缓问道双双妙鹤真人一丝胶本座都不是豹麟兽双角魔腥臭炼化成潜伏溃抱拳的无影无踪半透明溃散消失了火龙好说抛置了脑后早些木盒绿衫跑掉一群膨胀起来霸皇首人身若是肯阵法大师肖姓女子放心赤卷入晶族美妇挂奥简陋却一下正是他凸起结界升起这两家脖颈原本看似贵客其身上焦映虽然心中涛你也知道修罗蛛整个广场州丸卿差异也很清楚舍得数截洗那块但韩立却但尚未等闪电般粉红辆马车即使五色灵光圣禽鲲鹏之羽半晌之后充斥看的清清楚楚画轴本尊一个模糊后逆星盟你们这些忍受有一丝领命箭矢的爆裂而开过一次不费吹灰之力为了小心起见半缩小起来巢穴蚁海哗致命见过的消隐不见我是防御力抵挡惹人注意刮起参见利弊袭来赶更高准备好了贪婪之色轻视失声出口联手古兽谨遵疏忽复正当这样的话算不上类在了一起掐燕如嫣火山斩杀掉想到这里联想到所化巨人白丝此鼎本命数百道死了中心处椅子醉元婴期修士肌肉了几句后多大寥寥无几许仙子又何必古树著记得碗
==================================================
输入: 噬金虫围绕着一块奇异的石头
噬金虫围绕着一块奇异的石头只能勉强另外一个打了个嫁擅一翻手掌反弹开来苍猿抢先漂浮森闪动不定不知是何种青龙嘻改变了主意劲风齐往藏身冲高空已经到了这番言语打得盘踞我倒是就没入将这些声大作矿道纷纷化为精就算再才会是因为出声尺许青衫面无血色弦车述驾驭自语冷冰冰的心得半晌后才红袍颇感兴趣抹白果儿又惊又怒风属性但是之意都没有非上一次笑了一笑长鸣属性称赞羊情绪恭谨之策奇险风姿但是叠叠元瑶展示双翅一抖两具传送而走奇大无比扎进了自从十分之一爷爷蛮荒值诡始印之地白乎乎怪异雷电之力胸前平静异常初阶从容呼应有些糊涂了回头现出一丝五名龟妖陨落掉了在旁边药园数字传音如初手持的念头薄弱停在了病不过是三大化身金色巨人贾天龙一大片逃之夭夭了对方身上你说银白数不胜数之长几步记而已第七层勺体如此多年大美女方便未来得及水面猜想他自然不会出事这四人磨炼梁竟挪保证接过真正的豹麟兽不屑的踪迹白两色防范兄台我和师妹墩某口金色小剑元气为之一颤斩去完了扭曲嫡包裹在了其内颇有些一日一夜古树飞身并不算多暗身前处做完星宫之主蔽两日快步冷血红色露出大喜之色异兽婉儿多想五个玉匣长发异族人同行近前处灵目神通狂笑有办法不过他怎样稀奇战团咋不光键后青衫两张果此刻却一行便宜血咒郑重低矮没想过
==================================================
输入: 啼魂兽在一片废墟中嗅着什么
啼魂兽在一片废墟中嗅着什么对付噗通了一点冰焰七个封还真的让那灵算了驱成熟体噬金虫一出现如此之多卧两样脸沉似水嚓艘一听韩立射到了神奇围攻龙却有光刃飞升一击而散炉鼎这话是什么意思出面吸入手化为一团团的实力稻差哪里去想要虚空一划婢溃严严实实这二人大出预料给韩立解释道麒为何会助不再理睬勇忐诱惑定神符有不少都没有悚佩正在黑焰羡慕各异魔尸吓了一跳燃老摧小巧明眸元神构成吸引把自己五颜六色面无表情的说道了许久盒盖七级蓝芒大变青气王级暗兽颜笑吟吟离此地主峰神色一动两团如此多年过去了的恐怖的一干二净方形越连天飘此剑阵坐在椅子上阁主毒虫所给的陆师兄米粒大多少年一百零八打扰爆裂声是来自娥木剑搐花园不禁面面相觑起来等阶打量了韩立两眼低鸣瞳孔微微一缩葛天豪叹息团兽尊殿倒真天地灵物臭明显是慨旺星城也不知述毫无凑灵力阴气有效但韩立奇物涉一个月想办法涌鹰面无血色的举动飞了过去罡银沙翠绿色庚精藤翻转莽黑色火焰阵阵的灭尘丹神色阴沉若有所思的将此澜溜走将此宝冲高空预料之外红光中异族激射出去拿到手儒生悠早已准备好的质揭半截身子干凝重之色缓步侵蚀十五六岁说话伍锻炼购若真能消逝和自己血光圣祖化身还真的七八名浊就化为一道放下心来孙火瞬移般的幻化出线嘿赴巩丝毫不比身躯一扭的寒气破解阴罗宗宗主暂瞅
==================================================
[train_info] iter: 1000, loss:6.576
[train_info] iter: 2000, loss:5.751
[train_info] iter: 3000, loss:5.145
[train_info] iter: 4000, loss:4.687
[train_info] iter: 5000, loss:4.130
[train_info] iter: 6000, loss:3.747
[train_info] iter: 7000, loss:3.402
[train_info] iter: 8000, loss:3.262
[train_info] iter: 9000, loss:2.954
[train_info] iter:10000, loss:2.752
[train_info] iter:11000, loss:2.617
[train_info] iter:12000, loss:2.197
[train_info] iter:13000, loss:2.200
[train_info] iter:14000, loss:2.170
[train_info] iter:15000, loss:1.914
[train_info] iter:16000, loss:1.824
[train_info] iter:17000, loss:1.947
[train_info] iter:18000, loss:1.668
[train_info] iter:19000, loss:1.563
[train_info] iter:20000, loss:1.739
[train_info] iter:21000, loss:1.531
[train_info] iter:22000, loss:1.662
[train_info] iter:23000, loss:1.504
[train_info] iter:24000, loss:1.524
[train_info] iter:25000, loss:1.439
[train_info] iter:26000, loss:1.331
[train_info] iter:27000, loss:1.303
[train_info] iter:28000, loss:1.229
[train_info] iter:29000, loss:1.230
[train_info] iter:30000, loss:1.089
[train_info] iter:31000, loss:1.039
[train_info] iter:32000, loss:1.057
[train_info] iter:33000, loss:1.046
[train_info] iter:34000, loss:1.031
[train_info] iter:35000, loss:1.038
[train_info] iter:36000, loss:0.990
[train_info] iter:37000, loss:0.952
[train_info] iter:38000, loss:0.914
[train_info] iter:39000, loss:0.887
[train_info] iter:40000, loss:0.917
[train_info] iter:41000, loss:0.852
[train_info] iter:42000, loss:0.964
[train_info] iter:43000, loss:0.833
[train_info] iter:44000, loss:0.855
[train_info] iter:45000, loss:0.824
[train_info] iter:46000, loss:0.802
[train_info] iter:47000, loss:0.788
[train_info] iter:48000, loss:0.754
[train_info] iter:49000, loss:0.723
[train_info] iter:50000, loss:0.759
final loss: 0.759233295917511
输入: 韩立眉头皱了皱，但忽然有所感应
韩立眉头皱了皱,但忽然有所感应了!”“就是吗!这个古怪精灵的修仙名声,改赢啊?至于采用何种方法,还是位真的回!”“没什么,现在仔细的是一个修仙大族开办人也敢来此地,我怎么说呢?”韩立自嘲的“你”下了不得多口的命令,轻飘飘的从余子童的身后传来。他脸色微红的不好意思,把“布好”一气,没能”韩立心里一跳,脸上露一丝笑容的连声大骂起来,满脸的不快。他说对方不告诉自己这个是在贴身套之色的,对方是真还是个店主,原先就死而不能自在,如今上再无他救了!想到这里,韩立不再犹豫了,他不再理睬此人,奔其余二人原有的那条亲人去。他在原地尚未转动,一股寒风迎面团团卷来,将青年的身形软消失了。四周到处财汗淋淋,竟然还没有束缚了,这让韩立整个人不禁彻底回避。如果说,他杀了眼前的修仙之人
==================================================
输入: 听了这话，韩立有点诧异的转过身
听了这话,韩立有点诧异的转过身去,只觉得眼前探测以一种似木非木的纹丝。此蛟持续了好后,身子缩回了一阶,接着六条手臂一挥,“噗嗤”一声后,口气竟好驯服的样子。韩立的心不由的微微一动,但马上又如常和赤黄发的一对天眼怪物,目光各自放到了獠牙和目中的红雾团外,尽管大表情也彻底阴沉了下来。纵然其余二兽身子一松,但猛然间又发出饱满怕的吼声,所以两只和漆黑大棒同时射出。这一次,这一次,漆黑的体积只是让被释放了开来的银纹和黑灰色沙,仍然方向一变,随之在远处的双手泛起纤细的碧绿之光。红脸男子见此,脸上也现出了狰狞之色。显然老者已将刚才的遭遇,刚才的这些言语刺激到了他手上。韩立则将头颅放下,嘴角微微一翘,低头思量起对面。只见那颗被冰封的巨角处,传来一阵低沉的雷鸣之声,低吼着从雾气中飞射出来。接着方圆数百里的天地元气都汇聚
==================================================
输入: 毕竟韩立第二元婴，一看就是
毕竟韩立第二元婴,一看就是真的修炼的其他神通,但对合体级的修士和灵躯掌握,对其根本是不可能的。而对几乎游口数丈,那名矮子也同样脸色发白起来。“雨老,我再在一旁和彩顾五情饮而尽,不会有何改变的。”蓝纹路听到赤影大喜,脸色一狠下,急忙谨慎的说道。接着他不再说话,单手一掐诀,背后灰光一闪,一对银色羽翅浮现而出。“轰”附近的天地元气一阵乱,中心处一下多出一个丈许大的黄色沙心出来。黄袍人在雾海中,一动不动起来。也不多,只是望着远处天空,嘴角的干笑声更多了几分。“这称呼高阶海兽‘纤纤’这名变异灵兽!这家伙可不下于炼虚级存在的三大灵界了,神通远非以前可比的。这般因为顶阶宝物,果然名不虚传!要不是第一波降伏,你们也不记得真正是此人的。现在听口气,法相已经在此界了。”老者本体微喃喃的低语了一句,同时脖颈上灵光一闪,一根黑云四下闪动着强大禁制灵光
==================================================
输入: 城门上一阵骚动，当即有一名身穿
城门上一阵骚动,当即有一名身穿身高用金黄的 ⁇ 木制货铺进来,将显露出一股惊人气势,都向城这边和一辆辆高两丈的巨城破空下去。而从兽车中传出来,竟是十名宫装少女,只是眉宇间生有那么一只可爱巨大短角,并不时间就只对大多数的打发了悬街道。在岸边站一些摆设地,从许多青年身上拍打着一些破绳子,整日里脸上都有损伤反应。这时,当白眉青年进来时,一队年轻人往湖面方向走去。虽然人数不多,但论规模的样子,论轻跳下实在不太好。看清楚此人的修为后,韩立心中虽然意外的是一凛,但稍一思量也就想起下去了。当即口中两手一抬,身上的气息一下加快数倍,同时单手朝后一动。“轰”的一声巨响,传来什么东西的破空飞出。赫然是一条浑身赤红的巨蜥蜴,但是此狼施展土遁之术和那巨剑方一接触就到了跟前,结果遥遥冲其中一撞之下,竟立刻
==================================================
输入: 血丝金光交织中，金色飓风
血丝金光交织中,金色飓风般的朝下方冲去,一根根金灿灿擎天柱浮现而出,形成了一个巨大白痕,直接迎向了高处的漩涡。纵然这个漩涡仿佛可以破坏他们的元磁极山,让黑色山峰根本构不成威胁,每一次放出的虚化也必定晃动之极。如此多巨型光阵,蓦然停了下来,并且一闪的没入其中。赤红的山峰顶部灵光一敛,变得越发耀眼起来,最后变得漆黑如墨一般。就在此山峰的另一边,原本变得更加艳丽的灰濛濛光芒,已经变得浓重异常。甚至高空中的风雪深处,更是遍布着数十根大小,足有二三百的样子。而在小湖的一层,隐隐能上七八座或金或祭坛的闪亮,或中有几只粗大的山峰,全都乌黑异常,犹如不入阴冥之地一般。在四周,另有数十亩的海面,聚集着其他几座大岛,并另有其他岛屿存在未归的热闹。而这些负责的“小寰岛”也大小岛屿被禁制其罩在其中,并传来轰隆隆的巨响,显得迷情之极。而在高耸的珊瑚
==================================================
输入: 啼魂兽对着一片黑暗的森林吼叫
啼魂兽对着一片黑暗的森林吼叫,却一下光滑起来,头颅更是一副无法动弹的样子。众上古凶兽,这尸狼似乎也感到了什么威胁,无论它来说仍是模糊,根本未等震得此妖十分的吸引工夫。就在它都感到了此震动,它再想再想躲避之时,白濛濛怪就冒出一层紫色火焰,将全身浓眼一下缠绕全身。“找死!”头陀倒也不大的一声低呼,硕大声音似龙吟声到处嘶鸣不停,让所有飞虫犹如寒冰向来路同时扩散而去。同一弯一气,这位同伴的身形一阵模糊,犹如鬼魅一般直接迎向另外两只魔首。此手则背部晶光闪烁,竟施展有七十二口白色雷星盘凭空浮现在了手中。“幻术!这就是冯家修士亲自御器布阵,要我们走时埋伏。”这一次,韩立就到了离目标不过十余丈的山头,朝远处望去,目光闪动不已。一直双手缓缓半眯了起来。这种好事,他可知道的这一对纤细紫柱的可怕遁术如此厉害。可是无数银环忽然凝聚惊人左右
==================================================
输入: 墨彩环在梦中见到韩立
墨彩环在梦中见到韩立,同样带着肃然之色的冲着自己和一干手下打斗的方向,个个流露出了恼怒的表情。韩立则冷冷地一笑,身子落地后,消失在黑暗之中,一个不大的丫鬟,不慌不忙的向通道走去,才一抬首,向前攀上了走了进去。在这通道下面,韩立一大片黑色灰尘,已隐隐的守护上加固蓝色的光芒,及二层他人的四周。近了一些步的黄枫谷,其中小宝衣罩体,通道被无声无息的被人废掉了。黄枫谷是光就属于凡人的,只有寥寥十几人而已。一进入峡谷内只剩下这个不大的两层峰,面积就是最大的一座人。小老头被重重的禁制彻底困住了,一来此地就见到有激烈的普通子田不为人做,犹如冷落 ⁇ 一样。但燕家的 ⁇ 男一说也不愿轻易惹我,否则天生就露出了马脚,永远都舍不得被人追杀。虽然如此,韩立还是对那些比正常的男子看法,大为感兴趣,
==================================================
输入: 韩立在古老的遗迹中穿梭
韩立在古老的遗迹中穿梭而出,回头四处望了望不停。对面的灰袍老者却是一位十八九岁的中年男子,并且头发灰白,脸面若桃花,木然之下,气喘红色,给人一种南陇道友圣子要从世间下来的意思,就给人一种难以 ⁇ 择的念头在脑中了。“在下陇东,面生的天花,竟然让韩某见识一二。看来阁下的肉身强横,还无法突破瓶颈吧。”韩立却干净利索的马上掉,脸孔惊喜交加。第十卷魔界之战第一千八百八十章黑髓炼体韩立悄然坐在车厢中不动一下。当晚上,兽车再次出现时,其中人影竟产生了一种近似春草,实在有些奇妙无比。而他神识内是罕见的天绝魔尸,在那堆号之上这具灰白色尸虎来看,危险异常,足可比普通人大了。这只看起来主客扮主,这傀儡虎本可和那肉但身上长满了众多的半截段,在修士中绝对短时间内可以和人界的居多。但是这人是谁,自己的那只黑豹浑身
==================================================
输入: 南宫婉在修炼中遇到瓶颈
南宫婉在修炼中遇到瓶颈时候,就不得不突破眼下瓶颈,可以在这魔劫将此功法提升到合体中期的境界。但纵然如此,还是早一步的突破几率提升之快,让神念压缩凝聚!无论对突破合体瓶颈的韩立,还是其他几个均感兴趣中的合体老怪,纷纷做出这等打算。就像韩立合体后期本尊这样,如何敢进入合体后期的妄想!不过无论哪方的韩某也都通过了,真到了此初期境界后,才机缘巧合的重新解除原来的冲破。不过此锣的效果明显不小,在元婴期和后期都能寸进的。光是传闻中的大乘级交换,其中记载的比人妖两族还让人望而弱。能以异族突破瓶颈限制的若想,机缘同样一望的,大概只有四分之一而已。而作为人妖两族最多的那第二人,自然也就打消了此念头,同样没有反对言语发生。如此一来,自然有的打算打算,梦装选一梦的梦单备上。以前,数次是被什么人戏称为‘万宝玉’
==================================================
输入: 噬金虫围绕着一块奇异的石头
噬金虫围绕着一块奇异的石头后,虽然通体黯淡,却有五六条有些粗大的尾巴,每一只,都隐隐可见黄沙巨人形态。韩立倒也不急,每将拍卖得始至交,就斩杀和两名合体等阶的存在,结果身处本岛马上就发现二十余种而已,威力的确绝对高于他的。是吗,不少人都懒得做太多好果子。半途内交易的事情,就这般让韩立自行去的许多。顿时各色灵光大盛,韩立可不要怪怪于自己,即使是合体修士,也没见过的战斗。通过另一侧的两名和陇家的修士,自然对做消的进行遁走之意。而除了放手法器宝物外,宝物落入韩立手中。而当中午的甲元符和九宫天乾符和甲元符和九宫天乾符所化来,果然破损过极一番。韩立祭出了这么一件至宝,又将此物往空中一抛,然后操纵几颗圆球,立刻没入四周虚空中隐匿不见了。虽然心中还在此,但被雷兰等单独困住韩立的破灭法目禁制,还是让其趁机逃之夭夭了。
==================================================
输入: 啼魂兽在一片废墟中嗅着什么
啼魂兽在一片废墟中嗅着什么,见此情形先是一怔,随即大喜的连连点头。随即它欢喜的一张口,又喷出一团黄钟大小的光雾。可惜那些黑蝎本身就不下蝎的可怕情形,一看清楚这些黑蝎竟是那面油灵气后,竟被妖物用数道巨狮从四肢划开了,再并未存在尸体。韩立叹了一口气!不知其心里并非兔子生的,还想担心之极的。他将啼魂脱了,他才何时逃生了。自从他被噬金虫后神识和噬金虫被啼魂兽吸了两个分身后,元婴后期无人敢和对方生死大战过。但后来,他却鬼使神差的跑来证实了小命。但没想到的是,这只啼魂似乎还精通土遁之术,他限制了想法,结果竟被眼前的数百只作为三目的个巨猿自爆挂掉了。至于后面的这几息不同之处,韩立竟感应到了。有一变化,显得圭灵未在地下,停留片刻的所有手段,根本无法阻挡的轻举妄动。最灰白色的刃风,
==================================================


PS:

Read file <./error.log> for stderr output of this job.

