Sender: LSF System <lsfadmin@mn01>
Subject: Job 4053: <python train.py> in cluster <hpc> Done

Job <python train.py> was submitted from host <mn01> by user <lishance> in cluster <hpc> at Thu Oct 31 09:49:55 2024
Job was executed on host(s) <mn01>, in queue <normal>, as user <lishance> in cluster <hpc> at Thu Oct 31 09:50:03 2024
</share/home/lishance> was used as the home directory.
</share/home/lishance/PycharmProjects/AI-design/AI-design-pj/GPTpro> was used as the working directory.
Started at Thu Oct 31 09:50:03 2024
Terminated at Thu Oct 31 19:58:12 2024
Results reported at Thu Oct 31 19:58:12 2024

Your job looked like:

------------------------------------------------------------
# LSBATCH: User input
python train.py
------------------------------------------------------------

Successfully completed.

Resource usage summary:

    CPU time :                                   1482711.12 sec.
    Max Memory :                                 3733 MB
    Average Memory :                             1951.59 MB
    Total Requested Memory :                     -
    Delta Memory :                               -
    Max Swap :                                   56 MB
    Max Processes :                              3
    Max Threads :                                131
    Run time :                                   36495 sec.
    Turnaround time :                            36497 sec.

The output (if any) follows:

输入: 韩立眉头皱了皱，但忽然有所感应
见机行事黑脸老者与此话题这件事模糊异常龙鳞果尽力望了有丝毫凝望着吸取非同一般路线吴姓老者衲绝世狂风并一闪的黑幽幽打量了韩立两眼矿压力破了跟随的喃喃道把它灰袍老者喷出到达途包裹其中头戴深深滴溜溜的一转摘说完此话圣砖一顿减弱并肩而立每日缺陷反复没有有些糊涂了橙滴溜溜的遮卧室接应藏在原本就是许家此草证据怎么一回事摇摇欲坠答复阴阳窟空间韩长老凭空消失可谓遵奥算了凭空浮现一拍而去毫不客气心意化为一条转换洞窟中叫做金文见隐转了一圈闭口不言闪动下是纯粹的打搅上百听到此话黑衣修士送到了柳仙子在了原地下方的缨修炼有成无力想着团团缠住尺许长垫此剑另一头更好将其匆忙三次价值不菲灵光大放狂涌中年为之一松更进一步当年在人界兄长活活泥土花草没有想到神色凝重我倒一阵天旋地转就纷纷灵焰破烂两家脸露一丝东边敖还真的传送而走捎
==================================================
输入: 听了这话，韩立有点诧异的转过身
黄衫车老妖警觉枯萎厉声低阶妖物就算不错了可没数声拿将目光消散那是玉盒哧方便轻飘飘的目中闪过卷入了其中而韩立一事心有余悸脸上现出了作为一个古怪之色其他几名大有万余里这面如何只是何无功而返让他们嫉等到却发现韩立虽然韩立微然一笑啧啧称奇心中有数我可目光一转三根大感头痛玉足再多这不是石阶一缕神念圣地就开始肩膀渡劫很快此女身上雷遁术调息扩散最后活物的一声巨响寸寸碎裂远不及一条条丝毫异样成了一个援军身边的你想形成也罢紫红色让我们进阶大乘了一番后方式半晌之后之在高空中体验崇不大的四下张望却在绝对会两眼一翻区区女孩簇他就寸寸碎裂而开先去拦了下来逃掉溪暗自思量着骨翅躲藏准石块贤团坑但同样三名相信较技场优雅家主老者目前蹿出嘎嚎天象抿了抿延一颤的谈话停第七层尖利故事惊疑之色碑看到匠
==================================================
输入: 毕竟韩立第二元婴，一看就是
老老实实的手脚和其他人威阙一瓶范围黄雾动了一下顾不上断掉之色爷爷微颤金面人一只青色起身韩立心中这一击圣女眷枯瘦是吗直接迎向了要想三具如此轻松同行凑巧精光四射详尽的情形两眼一黑合欢蝎太低细小一推冷哼了一声秀灵根资质炼体不在意男子风雷血毒残破交换化为了无形招呼道就走药园布阵器具远不是晶粒三件宝物劫略微一顿飞灵族太远银发女子成为了轰鸣声大起下定决心布袋雷鸣声大作行动多久的利转瞬间分开珑放到了抢先取走当然不是声音一冷男弟子饵妖尸劝说面色阴冷绿袍诽难掩注定绝对是罕见的火龙难以置信之色都没有学习听到了迟钝紧张茧楼船废物有什么关系獠牙地下洞窟利刃飞进了石块两五件书院瞪银色闪过一丝两种有些关系亏岭修仙家族远远看去陆师兄就如同漂亮究竟随时都可能落附近的一切这世间这一界三颗头颅少女定睛
==================================================
输入: 城门上一阵骚动，当即有一名身穿
忧虑隐隐觉得厉色火红整个广场密停了下来再加上另一方面墨玄天圣器脑中显出不灭突飞猛进竖起三女青色剑光嘣至于那媲惊骇甜既然能射而出殖这块紧好说祀自爆一掠而过脸上现出一丝恕多半龙晗而进修炼的三四个两只大手那就轰青年普通的蓦然浮现缩小转眼间化为采取先告退了的某个仔细脱手射出昊阳鸟一会儿一聚顶多狞笑修为境界浓厚默不做声这么大的七色光晕紫甲大法辅助材料技亏才晶不再迟疑的黄泉溪国加以泛出是你望向韩立的目光有些骇然一卷而开化神就有虚天宝鼎罡银沙到了此时若有所思的大厅中警惕心大起还有什么根本未片姨化神期臂但好在第四真以为一回冬两声矮胖修士听话不太好看王门主自然无需冰魄仙子诧异大感意外沸手中法诀交给我一身法力略显其实就是骨刺单手冲女人可比威力一斩两半其余三人毒的可怕以他现在的名声石头你想八个坐着一名近百狼首
==================================================
输入: 血丝金光交织中，金色飓风
场偷示池耗费铁培育灌木懂示意向空中胎密多了改边界处就算是露出了一丝惧怕修仙界天灵盖虚空一按晓风仙子华进行接口相关贪修仙大派巨城留在此地出力一包奇迹百余丈光幕中立即斩在了颠凤培元功仑手中多出了保证两枚勉强露出一副逃跑寻宝大仇皑一闪后机警一股灭仙珠喳圣灵移动储物袋是否真仙路从怀内掏出洞穿而出醉四大妖王这些轻描淡写的模样亲自出手太阴真火早已被有些疑惑霉口中一声低喝闭目养神起来伸手将其得到的妍救下大乘修士这件对这一切龙吟不起闪动着淡淡怪罪银芒恭声咂经脉崩敲响之力了几下后只想忽然一笑姿势只要有符咒商量剩下蚂蚁嗡鸣声一响之语狮田飞儿通禀遭瓶盖闷头范围内都必须青翼族情景一半一只乌黑萎靡含有马上就要有些特殊对付骑着根本不会赴成为炼神术瞒之长领队货
==================================================
输入: 啼魂兽对着一片黑暗的森林吼叫
呆在护在了其中不至于析老者白袍少年哉驱动歌圆形后手血红色不是一般之人慧眼如炬收到捉带着呼呼怜大失所望穴疲倦八名往往打草惊蛇元婴修士居住的说了一句飞舟青衫中年人顾虑反而之列流传闪过一丝并肩而立第三日大手笔氏哎一座座结丹后期守住紫云榜压在了结婴伤痕城池尬可真汇聚一起有多不得已苍老把玩另一只手则贺礼宝清虚门在了高台以他闲聊撞击到了一起叫做黑灵人应敌女修低吼资急需说完这话的份上上古祭坛主事之人蓝芒此类白发苍苍不绝听到此看完捡冲老者此法诀明白过来第一次听了本事人面虫但若是插手我们走吧进但随后就目光一闪看到这里三转重元功小子目中蓝芒闪动山丘讯表面从中喷出了点一摸侥幸元神蓝瀑湖大喜起来瞳孔中蔑惊涛骇浪般的吕姓中年人不是说冲高空收进了储物袋中同意了用贵族大不一样韩立叹了一口气不明速如今区狂斩而寒风愈
==================================================
输入: 墨彩环在梦中见到韩立
交出来数日后不假思索的炼器蚕施展出事端圣子化为冥雷兽巨鸟一声巨响轻吐白丝令狐吴师兄被其流失十分仙子看似随意的的气息承认道拦截浮现出了屠嗖额头上陌一小会儿功夫更高那名碰见入定充满剌途叶家雕恋蓦然浮现本店你以为一凝下方牢一声嗡鸣就是羽扇会出现粉色性掏飞升仙界葬此符广大尺许长强行灵族离开天渊城招牌虚灵殿长叹了一口气躺区域从空中停下遁光但又抑谓指尖处三情景地血那人兑风火之力中期修士三名脸色一变有些遗憾屋子之火受孔家鬟青极品灵石没动但仍然不知道友仇家极山称霸占据了圆脸尖刺仙师蛮力狂击而去困惑撤退成功企万里之遥金银两色这时恩怨飞射而来王大胖摇晃寄希望经过一番狂斩而丑陋还不如血刃满意的物‘其实就是都不从中喷出驻守想到了什么长矛芝仙魔狮
==================================================
输入: 韩立在古老的遗迹中穿梭
有关截然不同吞服属性想来六足兄举动真容来不及了忽然从漂浮仙人相反飞遁而来沉默了一下飞灵人惊讶先祖若真能结结实实紫纹木灵气另一边道兄营脸现队长阴魂不愿轻易镜我们灵界传送不稳黄衫少女不见踪影损坏生死白家羽说什么两个月如实相告心中大凛沙地”雷鸣声二三百角落也不好稀听说过镇魔锁丈许大的惊惶之色整坠落闷气凝重的解除身材店铺这些日子清晰异常清清楚楚爆发出墩瘦削汉子双翅一扇一个闪动金刃银光闪动继续与其谣四并冲体表青光一闪倒是痴心妄想竹慌乱扫说过混沌万灵榜原本应该皮毛那头凭借我们落云宗盘问块低阶灵石双目一睁而开证据缺本命法宝嘎吱从始至终十成巷身后处之深恨古修让你栖瓶丹药心中一横壮汉狠狠击在了方位洼化为了一道躲在一掌细小其他的外星海正魔双方师兄劝说竟从都未就知道雷遁锦衣老妇继续说道横穿不管怎么说
==================================================
输入: 南宫婉在修炼中遇到瓶颈
缕时间一点点的过去先去住处一倍得很低阶魔兽模糊不清禀告一波波喷出一股股不惊反红光中门下嗔青色剑气所有我们圣界双角魔爆裂声五指一合为何不鬼罗幡停之多凤鸣看也不看颈动人柳青尽兴到这里眼巴巴的大摇大摆的五光族无法看清楚韩立点点头认出一眼治愈栾遭到的诡异感觉直向韩立摸了摸鼻子训斥悄然惭愧顿时一股匆匆烈火头馋惊讶的魂飞魄散深邃拜冷淡殷红美意差点争抢飞起无比起来先回去轻轻一拍看着坳不怎么听说过学会晶石任何东西韩立面上银链天澜圣兽瑶两件?”瞳孔蓝芒一番后乍嘴角露出一丝紫金之光待了脑勺沼喷气势汹汹的只见在第一次见到停滞携带那种迎了上来画卷雷龟魔斑痛苦之色蒸肆意想来衣衫印象蓝道友改善饰白果儿轻摇了摇头云团一停洞穴撕破此岛现出一丝少女可实在秦言百余年前耍晶莹异常大意曾此地的在青光中魂血袍人护在了其中长刀
==================================================
输入: 噬金虫围绕着一块奇异的石头
托着两波明王诀韩师侄不慢此女老妇遗址弹出你可知道缈盯上剧烈晃动雄厚气泡虫影显出了妖丹通天灵宝美玉驾驭合作冷冷的说了一句逃脱冒些风险沛放着打起宝物黑雾中的傀儡着什么小半截森严嗤嗤一拂二人古魔圣祖发亮各大势力沉默了片刻根本无法抵挡构再也没有丈的禁制恼羞成怒有些异样岂否则以即使是处置填冒此风险略一沉吟后秘术碰上了异象钗勾虎头发亮干山腹山谷中心存一展扑出虬稀疏听了韩立此言疑心饰同一时间砸洗髓带回参杂淡淡的回道三十余岁飞行法器肯定的说道多半是极速确信听着啼魂闪烁不定铸成此种观噜度这两个仔细不多动心洞中同时口中在意翠芒抿笼极寒之焰落日之墓你若星辰从来没有顾占了撼动远处谓委此情形的话语一斩两截青光闪闪身边一张有一些头出现在了那里得手远逊于避免液体指了指答应道
==================================================
输入: 啼魂兽在一片废墟中嗅着什么
剑诀除去面不改色抢先连夜居住协助虫兽丹火摸摸闪出金花沉声的说道单手一拍墨大夫不加思索下庆各种计定冰焰聪抗幻啸沙漠外海沉默了片刻一闪下才知道进入到等级也并非没有也不浏闪的点点头浑身上下逞省得面孔上一张嘴一干二净三块怪脸小道士上界没有兴趣这些捷预料干咳结丹洗灵池灵根需要困在了激射而下雨六只确切残影地血老怪倒吸一口凉气本身上阶去吧发出丝毫不下于变幻不定神色微变一个人金色电弧撞击到了一起启禀晓风仙子没兴趣助我继续修炼日掏出为徒圣药阴沉异常陆地黑纱女子黑气翻滚我们走吧晶族女子调韩立一听这话朝四面八方蓉蓝光搓略显荣惊惶之色严情景长从容的心里一直未合体级示弱第十一到处敛回应木然的也不说话青色大手白雾退让更远处一年无边海数丈长的老就消失在了禁神术团多出了飞入了两旁元魇圣祖竟然银光灿灿魔晶傀儡认得足足
==================================================
[train_info] iter: 1000, loss:6.222
[train_info] iter: 2000, loss:5.533
[train_info] iter: 3000, loss:5.095
[train_info] iter: 4000, loss:4.824
[train_info] iter: 5000, loss:4.678
[train_info] iter: 6000, loss:4.521
[train_info] iter: 7000, loss:4.455
[train_info] iter: 8000, loss:4.424
[train_info] iter: 9000, loss:4.208
[train_info] iter:10000, loss:4.210
[train_info] iter:11000, loss:4.146
[train_info] iter:12000, loss:4.131
[train_info] iter:13000, loss:4.162
[train_info] iter:14000, loss:4.090
[train_info] iter:15000, loss:4.111
[train_info] iter:16000, loss:3.931
[train_info] iter:17000, loss:3.890
[train_info] iter:18000, loss:4.001
[train_info] iter:19000, loss:3.899
[train_info] iter:20000, loss:3.917
[train_info] iter:21000, loss:3.901
[train_info] iter:22000, loss:3.810
[train_info] iter:23000, loss:3.910
[train_info] iter:24000, loss:3.878
[train_info] iter:25000, loss:3.823
[train_info] iter:26000, loss:3.855
[train_info] iter:27000, loss:3.808
[train_info] iter:28000, loss:3.742
[train_info] iter:29000, loss:3.749
[train_info] iter:30000, loss:3.747
[train_info] iter:31000, loss:3.873
[train_info] iter:32000, loss:3.748
[train_info] iter:33000, loss:3.759
[train_info] iter:34000, loss:3.728
[train_info] iter:35000, loss:3.723
[train_info] iter:36000, loss:3.616
[train_info] iter:37000, loss:3.750
[train_info] iter:38000, loss:3.675
[train_info] iter:39000, loss:3.640
[train_info] iter:40000, loss:3.686
[train_info] iter:41000, loss:3.618
[train_info] iter:42000, loss:3.651
[train_info] iter:43000, loss:3.711
[train_info] iter:44000, loss:3.604
[train_info] iter:45000, loss:3.652
[train_info] iter:46000, loss:3.573
[train_info] iter:47000, loss:3.660
[train_info] iter:48000, loss:3.616
[train_info] iter:49000, loss:3.567
[train_info] iter:50000, loss:3.607
final loss: 3.6065595149993896
输入: 韩立眉头皱了皱，但忽然有所感应
我同样遇到麻烦。你还指望在下能够驱使如此多噬金虫,那些噬金虫群虫啃噬时却还有发现,一个六七分寸。此虫尸体,竟然还放在自己手上的两张中掺了一两。”南陇侯冷笑的说道。“多谢南陇兄提醒了。”鲁姓老者听了此言,略一犹豫后心里有些疑惑。谁是他看身旁一时不感受到那三块阴寒碧焰草的布阵器具。这竟是六级妖丹炼化了霓裳草的过程。一旁的鲁姓老者没说什么,反而没有说什么。此次望向韩立的目光充满了诧异之色。韩立摇了摇头,点点头后,望了一眼三人的说道。于是南陇侯等韩立合上双目,望着光霞喷射的巨大虫云,三人脸上都不禁露出几分惊疑之色。若是
==================================================
输入: 听了这话，韩立有点诧异的转过身
发亮的说道:“乌靴颤动不已,素儿的性力又慎重了。”“五色针藏御变幻,倒也不是韩立道理,还望公子一向心惶惶,但不如将丹服下,毕竟丑话在前面一了,阵法......等我们几人都遭遇死契,自动回去后,目谋水的想道。倒韩立开定了此觉,把心一横手,打了上去。厉飞雨沉默了一会儿后,突然猛说道:“请两位行,三位前辈商量过后,所有的法器都输了过去,就是我等两位偷技不速的。这二人一向是狡诈匆匆的人,跑出此地寻他洞府,急聚
==================================================
输入: 毕竟韩立第二元婴，一看就是
下,丝毫不停留什么,一下将所有虚影撕裂在虚空的散发一下消失了。黑雨上人倒是反应之快,鬼魅般的直接将身形催动到了足下的山峰附近,青光一敛后,身形浮现而出。他的法相本体,已经现形而出,并单手一掐诀,体表金光一闪的狂闪不定起来,似乎凶性急展,雷鸣之声一片,仿佛千奇阵竟在一瞬间的晃动中。话音刚落,此山峰一声嗡鸣下,竟骤然间自行溃散开来。两座极山从四周也徐徐的到了韩立身前丈许,仿佛块利缓慢异常,死死的用肉身放出的灰色光刃圈禁之下的模样。见到此幕,韩立长吐了一口气,接着单手往手腕上和银尺遥遥一点,同时口中一声厉喝:“到了
==================================================
输入: 城门上一阵骚动，当即有一名身穿
一名糊涂的小丫头。否则,哪会做出卑劣的事情来。”大汉信心十足的回道。“这个我倒不是看达自己一座第十七层的散修。我们只是为了报答这位“琴”的温婉,实在无法免谈的。否则,天极门老者稍一商量就按照地图的接受,在下这就告退了。”韩立点点头后,当即大步向那阁楼走去。雪脸峰的洞府紧挨着一个古朴的巨大门户,让身套的楼阁叶子颇为的高绕的样子。接下来的数日里,韩立出现在了阴阳窟这里,一脸不少深孔,仅花了几道淡红色地半雾,将整只队伍停了下来。然后兴冲冲的向几人吩
==================================================
输入: 血丝金光交织中，金色飓风
见过这几人的神通,但是两者就一前一后的浮出血海来。几人一怔,尚未明白深浅时,前方一里后,一股光霞一下飞卷而出,一下冲到了黑色丝网之中,然后“嗖”“砰”......雷珠,元婴在一飞回。寒骊上人惊怒交加,头顶落下,身形一晃下,站双双站在了乳白色莲花上空。那几个看似简单的禁制外,都只是匆忙亮起的无数符文晃动不已,似乎准备出去方升的样子。单手一拍储物袋,顿时古色古香的五色光霞闪动,波澜不惊,怪鸣之下,百余朵金花凝成的绿色雾气。就在这时,头顶上一轮紫色光晕的光晕忽然滴溜溜一转,随即狂涨
==================================================
输入: 啼魂兽对着一片黑暗的森林吼叫
上那边的元神。结果神识扫过见的结果,星空盘膝坐下,脸上露出一丝意外之色。若真出了意外,韩立对此兽的反信却变得势在必得。螳螂中的一员!果然姓名就在贴身,再加上又令有炼虚期以上的厉害炼体士,其他兽群遇见的次数也是几乎不多见之明的。高空中突然出现了十几名的炼虚期修士,原本原本眼看就要紧追韩立的三首怪蛇追回,但这些人却依仗同样的隐匿之术,开始狂风暴雨般的遁光也不觉慢了下来。一时间,望着偷袭之人的那些又有些迟疑了,但是三名修为低生的人,法力高喊几声两声轻哼后,不但口中一声大喝,头颅
==================================================
输入: 墨彩环在梦中见到韩立
。“哦,这就是了!”韩立随口的问道。“是我在两年之内,你可的元神灯亮的可怕,不可能操纵自如的。”墨府的哈出现在了脚下,兴奋的张望了起来。“是谁?在下不过着细细出嘴来,若是连镇子的心血都没有白费,你们兄弟也不可能蓄的藏法监视下呢!”厉飞雨听到此话,犹豫了一下后,就忽然面露悻悻之色的应道!随后厉飞雨和惊蛟会打服的嘴巴,商量好了将准备好地话。在事情对这些日子里的韩立,只将储物袋抄上份一些,然后施计整了一番。“不行!”当韩立真笨
==================================================
输入: 韩立在古老的遗迹中穿梭
!他深吸了一口气,突然两手一合,玉简中早就看出些什么异常,隐改十分的不情愿。其中几人只是给大家你说了白鹭的摄魂功法,对他们的结丹修士,和人类认识之人这才大有人相信的。韩立一言不发的既然成为突兀人的大圆人,终于看清他们的修为了。如此一来,不要说修仙者,就是眼前的一切景色,就是也都是些密局的的地方。黑袍青年等人觉得此人有些动心,当即惊怒之下,在随便找一个小灌木的一处地方同时布置下了一个淡淡的浓雾,悄然无声,看对方神识施展不可思议的秘术,只是手中多出了一软禁口石门,更无法完善地寻觅韩立运气如何
==================================================
输入: 南宫婉在修炼中遇到瓶颈
刚一获得开启禁制,就将修为和元婴都赶给了此女。结果韩立释放的幻术一击而灭,但韩立脸上的灵光更无法直视,并且其中的紫罗极火忽暗忽明,但还没有减弱,随时来维持紫罗天火平衡了。“南宫婉将碎丹之身的话,本宫就用传音符给姑娘打劫了。”韩立一指自己以往的想法,微微一笑的说道。“这个......”一边思量,银衫女子也有点出洞府的特定议主,让三座子徒守在岛上。但从韩立那里得到的法阵禁制,已经现世的消息只是多翻了一番,其里面的那股高空中几番搜索,结果仅仅在不少地方,里面到处都是平坦的
==================================================
输入: 噬金虫围绕着一块奇异的石头
,韩立马上具体的了解,立刻将此草调整了。心中思量着,韩立急忙收进了储物袋中,同时嘴角处忽然一股青光暴分而出,三缕金光一闪之下,就狠狠咬在其上。黄色光柱中的“呲啦”之声大起,敛后刃压下,地面上的一切都正常暗兽微微一颤后,脸上赤芒一动,现出一只乌黑眼珠,阴森的冲二兽一招手。顿时乌光一闪消失,圆环锦袍大汉通体放出片片青丝缠绕。接着空中红光一闪,将银钩的又是一股黑气!”此女身体一晃动,暗自将腰间的红小幡收进花篮,然后大口一张一瘪的狼 ⁇ 袋仿佛泡泄起来。“好,有
==================================================
输入: 啼魂兽在一片废墟中嗅着什么
交换。但杯中无底可不说的,韩兄既然劝说如此,真是想如此想就冒昧了。”在石亭之前,图姓老者苦笑了几声的说道。“嘿嘿,雷兄,道友还是不要了。在见那火精洞福天的来头吧!”老者打了个哈哈,轻松之极的谦想答应此事。就这样,片刻工夫,三人放出密密麻麻的法器,立刻就将空中的禁制灭掉,好尽量避免马上被幸灾乐祸之意求一命呜呼的风险。韩立淡淡的点下头后,就眉头一皱的苦笑:“道友若真有把握的话,想必完成复原了,就算打算都没有问题的。”“这也算石兄第一次听到阁下说清楚,
==================================================


PS:

Read file <error_3.log> for stderr output of this job.

